

Version:	3.12
CmdLine:	C:\Users\pavon\eclipse-workspace\Aplicacion_x64\Clepnid.exe --l4j-debug
WOW64:		yes
Create mutex:	ClepNid
Error:		Instance already exists.


Version:	3.12
CmdLine:	C:\Users\pavon\eclipse-workspace\Aplicacion_x64\Clepnid.exe --l4j-debug
WOW64:		yes
Create mutex:	ClepNid
Working dir:	C:\Users\pavon\eclipse-workspace\Aplicacion_x64\.
Java min ver:	1.008.000
Java max ver:	
Bundled JRE:	hola
Check launcher:	C:\Users\pavon\eclipse-workspace\Aplicacion_x64\hola\bin\javaw.exe (not found)
64-bit search:	SOFTWARE\JavaSoft\Java Runtime Environment...
Check:		SOFTWARE\JavaSoft\Java Runtime Environment\1.8
Check launcher:	C:\Program Files\Java\jre1.8.0_251\bin\javaw.exe (OK)
Match:		1.008.000
Check:		SOFTWARE\JavaSoft\Java Runtime Environment\1.8.0_251
Check launcher:	C:\Program Files\Java\jre1.8.0_251\bin\javaw.exe (OK)
Match:		1.008.000_251
64-bit search:	SOFTWARE\JavaSoft\Java Development Kit...
Check:		SOFTWARE\JavaSoft\Java Development Kit\1.8
Ignore:		1.008.000
Check:		SOFTWARE\JavaSoft\Java Development Kit\1.8.0_221
Ignore:		1.008.000_221
Check:		SOFTWARE\JavaSoft\Java Development Kit\1.8.0_231
Ignore:		1.008.000_231
64-bit search:	SOFTWARE\JavaSoft\JRE...
64-bit search:	SOFTWARE\JavaSoft\JDK...
Runtime used:	1.008.000_251 (64-bit)
Launcher:	C:\Program Files\Java\jre1.8.0_251\bin\javaw.exe
Launcher args:	-jar "C:\Users\pavon\eclipse-workspace\Aplicacion_x64\Clepnid.exe"
Args length:	66/32768 chars
Exit code:	259


Version:	3.12
CmdLine:	C:\Users\pavon\eclipse-workspace\Aplicacion_x64\Clepnid.exe --l4j-debug
WOW64:		yes
Create mutex:	ClepNid
Working dir:	C:\Users\pavon\eclipse-workspace\Aplicacion_x64\.
Java min ver:	
Java max ver:	
Bundled JRE:	bin\jre1.8.0_251
Check launcher:	C:\Users\pavon\eclipse-workspace\Aplicacion_x64\bin\jre1.8.0_251\bin\javaw.exe (OK)
Launcher:	C:\Users\pavon\eclipse-workspace\Aplicacion_x64\bin\jre1.8.0_251\bin\javaw.exe
Launcher args:	-jar "C:\Users\pavon\eclipse-workspace\Aplicacion_x64\Clepnid.exe"
Args length:	66/32768 chars
Error msg:	An error occurred while starting the application.


Version:	3.12
CmdLine:	C:\Users\pavon\eclipse-workspace\Aplicacion_x64\Clepnid.exe --l4j-debug
WOW64:		yes
Create mutex:	ClepNid
Error:		Instance already exists.


Version:	3.12
CmdLine:	C:\Users\pavon\eclipse-workspace\Aplicacion_x64\Clepnid.exe --l4j-debug
WOW64:		yes
Create mutex:	ClepNid
Error:		Instance already exists.


Version:	3.12
CmdLine:	C:\Users\pavon\eclipse-workspace\Aplicacion_x64\Clepnid.exe --l4j-debug
WOW64:		yes
Create mutex:	ClepNid
Error:		Instance already exists.


Version:	3.12
CmdLine:	C:\Users\pavon\eclipse-workspace\Aplicacion_x64\Clepnid.exe --l4j-debug
WOW64:		yes
Create mutex:	ClepNid
Working dir:	C:\Users\pavon\eclipse-workspace\Aplicacion_x64\.
Java min ver:	
Java max ver:	
Bundled JRE:	bin\jre1.8.0_251
Check launcher:	C:\Users\pavon\eclipse-workspace\Aplicacion_x64\bin\jre1.8.0_251\bin\javaw.exe (OK)
Launcher:	C:\Users\pavon\eclipse-workspace\Aplicacion_x64\bin\jre1.8.0_251\bin\javaw.exe
Launcher args:	-jar "C:\Users\pavon\eclipse-workspace\Aplicacion_x64\Clepnid.exe"
Args length:	66/32768 chars
Error msg:	An error occurred while starting the application.


Version:	3.12
CmdLine:	C:\Users\pavon\eclipse-workspace\Aplicacion_x64\Clepnid.exe --l4j-debug
WOW64:		yes
Create mutex:	ClepNid
Error:		Instance already exists.


Version:	3.12
CmdLine:	C:\Users\pavon\eclipse-workspace\Aplicacion_x64\Clepnid.exe --l4j-debug
WOW64:		yes
Create mutex:	ClepNid
Working dir:	C:\Users\pavon\eclipse-workspace\Aplicacion_x64\.
Java min ver:	
Java max ver:	
Bundled JRE:	\bin\jre1.8.0_251
Check launcher:	\bin\jre1.8.0_251\bin\javaw.exe (not found)
Error msg:	This application was configured to use a bundled Java Runtime Environment but the runtime is missing or corrupted.


Version:	3.12
CmdLine:	C:\Users\pavon\eclipse-workspace\Aplicacion_x64\Clepnid.exe --l4j-debug
WOW64:		yes
Create mutex:	ClepNid
Working dir:	C:\Users\pavon\eclipse-workspace\Aplicacion_x64\.
Java min ver:	
Java max ver:	
Bundled JRE:	bin\jre1.8.0_261
Check launcher:	C:\Users\pavon\eclipse-workspace\Aplicacion_x64\bin\jre1.8.0_261\bin\javaw.exe (OK)
Launcher:	C:\Users\pavon\eclipse-workspace\Aplicacion_x64\bin\jre1.8.0_261\bin\javaw.exe
Launcher args:	-jar "C:\Users\pavon\eclipse-workspace\Aplicacion_x64\Clepnid.exe"
Args length:	66/32768 chars
Error msg:	An error occurred while starting the application.


Version:	3.12
CmdLine:	C:\Users\pavon\eclipse-workspace\Aplicacion_x64\Clepnid.exe --l4j-debug
WOW64:		yes
Create mutex:	ClepNid
Working dir:	C:\Users\pavon\eclipse-workspace\Aplicacion_x64\.
Java min ver:	
Java max ver:	
Bundled JRE:	bin\jre1.8.0_261
Check launcher:	C:\Users\pavon\eclipse-workspace\Aplicacion_x64\bin\jre1.8.0_261\bin\javaw.exe (OK)
Launcher:	C:\Users\pavon\eclipse-workspace\Aplicacion_x64\bin\jre1.8.0_261\bin\javaw.exe
Launcher args:	-jar "C:\Users\pavon\eclipse-workspace\Aplicacion_x64\Clepnid.exe"
Args length:	66/32768 chars
Error msg:	An error occurred while starting the application.


Version:	3.12
CmdLine:	C:\Users\pavon\eclipse-workspace\Aplicacion_x64\Clepnid.exe --l4j-debug
WOW64:		yes
Create mutex:	ClepNid
Working dir:	C:\Users\pavon\eclipse-workspace\Aplicacion_x64\.
Java min ver:	
Java max ver:	
Bundled JRE:	bin\jre1.8.0_251
Check launcher:	C:\Users\pavon\eclipse-workspace\Aplicacion_x64\bin\jre1.8.0_251\bin\javaw.exe (OK)
Launcher:	C:\Users\pavon\eclipse-workspace\Aplicacion_x64\bin\jre1.8.0_251\bin\javaw.exe
Launcher args:	-jar "C:\Users\pavon\eclipse-workspace\Aplicacion_x64\Clepnid.exe"
Args length:	66/32768 chars
Exit code:	259
